Flow report for niosvprocessor
Sat Jun  8 03:20:15 2024
Quartus Prime Version 23.1std.0 Build 991 11/28/2023 Patches 0.02std SC Lite Edition


---------------------
; Table of Contents ;
---------------------
  1. Legal Notice
  2. Flow Summary
  3. Flow Settings
  4. Flow Non-Default Global Settings
  5. Flow Elapsed Time
  6. Flow OS Summary
  7. Flow Log
  8. Flow Messages
  9. Flow Suppressed Messages



----------------
; Legal Notice ;
----------------
Copyright (C) 2023  Intel Corporation. All rights reserved.
Your use of Intel Corporation's design tools, logic functions 
and other software and tools, and any partner logic 
functions, and any output files from any of the foregoing 
(including device programming or simulation files), and any 
associated documentation or information are expressly subject 
to the terms and conditions of the Intel Program License 
Subscription Agreement, the Intel Quartus Prime License Agreement,
the Intel FPGA IP License Agreement, or other applicable license
agreement, including, without limitation, that your use is for
the sole purpose of programming logic devices manufactured by
Intel and sold by Intel or its authorized distributors.  Please
refer to the applicable agreement for further details, at
https://fpgasoftware.intel.com/eula.



+----------------------------------------------------------------------------------------------+
; Flow Summary                                                                                 ;
+-----------------------------+----------------------------------------------------------------+
; Flow Status                 ; Flow Failed - Sat Jun  8 03:20:15 2024                         ;
; Quartus Prime Version       ; 23.1std.0 Build 991 11/28/2023 Patches 0.02std SC Lite Edition ;
; Revision Name               ; niosvprocessor                                                 ;
; Top-level Entity Name       ; testcode                                                       ;
; Family                      ; Cyclone V                                                      ;
; Device                      ; 5CSEBA6U23I7                                                   ;
; Timing Models               ; Final                                                          ;
; Logic utilization (in ALMs) ; N/A until Partition Merge                                      ;
; Total registers             ; N/A until Partition Merge                                      ;
; Total pins                  ; N/A until Partition Merge                                      ;
; Total virtual pins          ; N/A until Partition Merge                                      ;
; Total block memory bits     ; N/A until Partition Merge                                      ;
; Total PLLs                  ; N/A until Partition Merge                                      ;
; Total DLLs                  ; N/A until Partition Merge                                      ;
+-----------------------------+----------------------------------------------------------------+


+-----------------------------------------+
; Flow Settings                           ;
+-------------------+---------------------+
; Option            ; Setting             ;
+-------------------+---------------------+
; Start date & time ; 06/08/2024 03:19:54 ;
; Main task         ; Compilation         ;
; Revision Name     ; niosvprocessor      ;
+-------------------+---------------------+


+---------------------------------------------------------------------------------------------------------------------------------------------------------------------------+
; Flow Non-Default Global Settings                                                                                                                                          ;
+-------------------------------------+------------------------------------------------------------------+----------------+-------------+-----------------------------------+
; Assignment Name                     ; Value                                                            ; Default Value  ; Entity Name ; Section Id                        ;
+-------------------------------------+------------------------------------------------------------------+----------------+-------------+-----------------------------------+
; COMPILER_SIGNATURE_ID               ; 193904262842016.171781319314264                                  ; --             ; --          ; --                                ;
; EDA_GENERATE_FUNCTIONAL_NETLIST     ; Off                                                              ; --             ; --          ; eda_board_design_timing           ;
; EDA_GENERATE_FUNCTIONAL_NETLIST     ; Off                                                              ; --             ; --          ; eda_board_design_boundary_scan    ;
; EDA_GENERATE_FUNCTIONAL_NETLIST     ; Off                                                              ; --             ; --          ; eda_board_design_signal_integrity ;
; EDA_GENERATE_FUNCTIONAL_NETLIST     ; Off                                                              ; --             ; --          ; eda_board_design_symbol           ;
; EDA_OUTPUT_DATA_FORMAT              ; Verilog Hdl                                                      ; --             ; --          ; eda_simulation                    ;
; EDA_RUN_TOOL_AUTOMATICALLY          ; Off                                                              ; --             ; --          ; eda_simulation                    ;
; EDA_SIMULATION_TOOL                 ; Questa Intel FPGA (Verilog)                                      ; <None>         ; --          ; --                                ;
; EDA_TIME_SCALE                      ; 1 ps                                                             ; --             ; --          ; eda_simulation                    ;
; MAX_CORE_JUNCTION_TEMP              ; 100                                                              ; --             ; --          ; --                                ;
; MIN_CORE_JUNCTION_TEMP              ; -40                                                              ; --             ; --          ; --                                ;
; MISC_FILE                           ; niosvprocessor/synthesis/../niosvprocessor.cmp                   ; --             ; --          ; --                                ;
; MISC_FILE                           ; niosvprocessor/synthesis/../../niosvprocessor.qsys               ; --             ; --          ; --                                ;
; PARTITION_COLOR                     ; -- (Not supported for targeted family)                           ; --             ; testcode    ; Top                               ;
; PARTITION_FITTER_PRESERVATION_LEVEL ; -- (Not supported for targeted family)                           ; --             ; testcode    ; Top                               ;
; PARTITION_NETLIST_TYPE              ; -- (Not supported for targeted family)                           ; --             ; testcode    ; Top                               ;
; POWER_BOARD_THERMAL_MODEL           ; None (CONSERVATIVE)                                              ; --             ; --          ; --                                ;
; POWER_PRESET_COOLING_SOLUTION       ; 23 MM HEAT SINK WITH 200 LFPM AIRFLOW                            ; --             ; --          ; --                                ;
; PROJECT_OUTPUT_DIRECTORY            ; output_files                                                     ; --             ; --          ; --                                ;
; SLD_FILE                            ; niosvprocessor/synthesis/niosvprocessor.regmap                   ; --             ; --          ; --                                ;
; SLD_FILE                            ; niosvprocessor/synthesis/niosvprocessor.debuginfo                ; --             ; --          ; --                                ;
; SLD_INFO                            ; QSYS_NAME niosvprocessor HAS_SOPCINFO 1 GENERATION_ID 1717805855 ; --             ; --          ; --                                ;
; SOPCINFO_FILE                       ; niosvprocessor/synthesis/../../niosvprocessor.sopcinfo           ; --             ; --          ; --                                ;
; SYNTHESIS_ONLY_QIP                  ; On                                                               ; --             ; --          ; --                                ;
; TOP_LEVEL_ENTITY                    ; testcode                                                         ; niosvprocessor ; --          ; --                                ;
+-------------------------------------+------------------------------------------------------------------+----------------+-------------+-----------------------------------+


+--------------------------------------------------------------------------------------------------------------------------+
; Flow Elapsed Time                                                                                                        ;
+----------------------+--------------+-------------------------+---------------------+------------------------------------+
; Module Name          ; Elapsed Time ; Average Processors Used ; Peak Virtual Memory ; Total CPU Time (on all processors) ;
+----------------------+--------------+-------------------------+---------------------+------------------------------------+
; Analysis & Synthesis ; 00:00:23     ; 1.0                     ; 4829 MB             ; 00:00:40                           ;
; Total                ; 00:00:23     ; --                      ; --                  ; 00:00:40                           ;
+----------------------+--------------+-------------------------+---------------------+------------------------------------+


+------------------------------------------------------------------------------------+
; Flow OS Summary                                                                    ;
+----------------------+------------------+------------+------------+----------------+
; Module Name          ; Machine Hostname ; OS Name    ; OS Version ; Processor type ;
+----------------------+------------------+------------+------------+----------------+
; Analysis & Synthesis ; DESKTOP-N1GE4AS  ; Windows 10 ; 10.0       ; x86_64         ;
+----------------------+------------------+------------+------------+----------------+


------------
; Flow Log ;
------------
quartus_map --read_settings_files=on --write_settings_files=off niosvprocessor -c niosvprocessor



